<?xml version="1.0" encoding="UTF-8"?>
<testsuite name="mage.cards.decks.importer.DecDeckImportTest" tests="1" skipped="0" failures="0" errors="0" timestamp="2020-11-20T09:32:40" hostname="danny-manjaro-pc" time="0.004">
  <properties/>
  <testcase name="testImport" classname="mage.cards.decks.importer.DecDeckImportTest" time="0.004"/>
  <system-out><![CDATA[]]></system-out>
  <system-err><![CDATA[]]></system-err>
</testsuite>
