<?xml version="1.0" encoding="UTF-8"?>
<testsuite name="mage.WatcherTest" tests="4" skipped="0" failures="0" errors="0" timestamp="2020-11-20T09:32:40" hostname="danny-manjaro-pc" time="0.018">
  <properties/>
  <testcase name="testShallowCopy" classname="mage.WatcherTest" time="0.014"/>
  <testcase name="testDeepCopyMapOfList" classname="mage.WatcherTest" time="0.002"/>
  <testcase name="testDeepCopyMapOfMap" classname="mage.WatcherTest" time="0.0"/>
  <testcase name="testDeepCopyMapOfSet" classname="mage.WatcherTest" time="0.002"/>
  <system-out><![CDATA[]]></system-out>
  <system-err><![CDATA[]]></system-err>
</testsuite>
