<?xml version="1.0" encoding="UTF-8"?>
<testsuite name="mage.counters.CounterTest" tests="6" skipped="0" failures="0" errors="0" timestamp="2020-11-20T09:32:40" hostname="danny-manjaro-pc" time="0.002">
  <properties/>
  <testcase name="shouldNotRemoveMoreCountersThanAvailable" classname="mage.counters.CounterTest" time="0.001"/>
  <testcase name="shouldCreateCounterFromCounter" classname="mage.counters.CounterTest" time="0.0"/>
  <testcase name="shouldAddMana" classname="mage.counters.CounterTest" time="0.0"/>
  <testcase name="shouldReturnCopy" classname="mage.counters.CounterTest" time="0.0"/>
  <testcase name="shouldCreatDefaultCounter" classname="mage.counters.CounterTest" time="0.0"/>
  <testcase name="shouldRemoveCounters" classname="mage.counters.CounterTest" time="0.0"/>
  <system-out><![CDATA[]]></system-out>
  <system-err><![CDATA[]]></system-err>
</testsuite>
