<?xml version="1.0" encoding="UTF-8"?>
<testsuite name="mage.cards.decks.importer.O8dDeckImportTest" tests="1" skipped="0" failures="0" errors="0" timestamp="2020-11-20T09:32:39" hostname="danny-manjaro-pc" time="0.063">
  <properties/>
  <testcase name="testImport" classname="mage.cards.decks.importer.O8dDeckImportTest" time="0.063"/>
  <system-out><![CDATA[]]></system-out>
  <system-err><![CDATA[]]></system-err>
</testsuite>
