<?xml version="1.0" encoding="UTF-8"?>
<testsuite name="mage.cards.decks.exporter.MtgOnlineDeckExporterTest" tests="1" skipped="0" failures="0" errors="0" timestamp="2020-11-20T09:32:40" hostname="danny-manjaro-pc" time="0.001">
  <properties/>
  <testcase name="writeDeck" classname="mage.cards.decks.exporter.MtgOnlineDeckExporterTest" time="0.001"/>
  <system-out><![CDATA[]]></system-out>
  <system-err><![CDATA[]]></system-err>
</testsuite>
